<?xml version="1.0"?>
<!DOCTYPE coverage SYSTEM "http://cobertura.sourceforge.net/xml/coverage-04.dtd">

<coverage line-rate="0.9522012578616352" branch-rate="0.9658119658119658" lines-covered="757" lines-valid="795" branches-covered="226" branches-valid="234" complexity="0.0" version="2.1.1" timestamp="1528283028562">
	<sources>
	</sources>
	<packages>
		<package name="lift" line-rate="0.9522012578616352" branch-rate="0.9658119658119658" complexity="0.0">
			<classes>
				<class name="lift.Elevator" filename="lift/Elevator.java" line-rate="1.0" branch-rate="1.0" complexity="0.0">
					<methods>
						<method name="&lt;init&gt;" signature="()V" line-rate="1.0" branch-rate="1.0" complexity="0">
							<lines>
								<line number="22" hits="5" branch="false"/>
								<line number="23" hits="5" branch="false"/>
								<line number="24" hits="5" branch="false"/>
								<line number="25" hits="5" branch="false"/>
								<line number="26" hits="5" branch="false"/>
								<line number="27" hits="5" branch="false"/>
								<line number="28" hits="5" branch="false"/>
								<line number="29" hits="5" branch="false"/>
							</lines>
						</method>
						<method name="act" signature="(Llift/Request;)V" line-rate="1.0" branch-rate="1.0" complexity="0">
							<lines>
								<line number="175" hits="210" branch="false"/>
								<line number="176" hits="210" branch="false"/>
								<line number="177" hits="210" branch="false"/>
								<line number="178" hits="210" branch="false"/>
								<line number="179" hits="210" branch="false"/>
							</lines>
						</method>
						<method name="getClock" signature="()D" line-rate="1.0" branch-rate="1.0" complexity="0">
							<lines>
								<line number="32" hits="239" branch="false"/>
							</lines>
						</method>
						<method name="getFloor" signature="()I" line-rate="1.0" branch-rate="1.0" complexity="0">
							<lines>
								<line number="36" hits="2429" branch="false"/>
							</lines>
						</method>
						<method name="move" signature="(Llift/Request;)V" line-rate="1.0" branch-rate="1.0" complexity="0">
							<lines>
								<line number="90" hits="236" branch="false"/>
								<line number="91" hits="236" branch="true" condition-coverage="100% (2/2)">
									<conditions>
										<condition number="0" type="jump" coverage="100%"/>
									</conditions>
								</line>
								<line number="92" hits="103" branch="true" condition-coverage="100% (2/2)">
									<conditions>
										<condition number="0" type="jump" coverage="100%"/>
									</conditions>
								</line>
								<line number="93" hits="46" branch="false"/>
								<line number="94" hits="46" branch="false"/>
								<line number="96" hits="57" branch="true" condition-coverage="100% (2/2)">
									<conditions>
										<condition number="0" type="jump" coverage="100%"/>
									</conditions>
								</line>
								<line number="98" hits="12" branch="false"/>
								<line number="99" hits="12" branch="false"/>
								<line number="106" hits="45" branch="true" condition-coverage="100% (2/2)">
									<conditions>
										<condition number="0" type="jump" coverage="100%"/>
									</conditions>
								</line>
								<line number="107" hits="5" branch="false"/>
								<line number="108" hits="5" branch="false"/>
								<line number="109" hits="5" branch="false"/>
								<line number="110" hits="5" branch="false"/>
								<line number="111" hits="5" branch="false"/>
								<line number="112" hits="5" branch="false"/>
								<line number="114" hits="40" branch="false"/>
								<line number="115" hits="40" branch="false"/>
								<line number="116" hits="40" branch="false"/>
								<line number="117" hits="40" branch="false"/>
								<line number="119" hits="45" branch="false"/>
								<line number="123" hits="133" branch="true" condition-coverage="100% (2/2)">
									<conditions>
										<condition number="0" type="jump" coverage="100%"/>
									</conditions>
								</line>
								<line number="124" hits="87" branch="false"/>
								<line number="125" hits="87" branch="false"/>
								<line number="126" hits="87" branch="false"/>
								<line number="128" hits="46" branch="true" condition-coverage="100% (2/2)">
									<conditions>
										<condition number="0" type="jump" coverage="100%"/>
									</conditions>
								</line>
								<line number="129" hits="7" branch="false"/>
								<line number="130" hits="7" branch="true" condition-coverage="100% (2/2)">
									<conditions>
										<condition number="0" type="jump" coverage="100%"/>
									</conditions>
								</line>
								<line number="131" hits="1" branch="false"/>
								<line number="132" hits="1" branch="false"/>
								<line number="133" hits="1" branch="false"/>
								<line number="136" hits="6" branch="false"/>
								<line number="137" hits="6" branch="false"/>
								<line number="138" hits="6" branch="false"/>
								<line number="139" hits="6" branch="false"/>
								<line number="140" hits="6" branch="false"/>
								<line number="143" hits="39" branch="true" condition-coverage="100% (2/2)">
									<conditions>
										<condition number="0" type="jump" coverage="100%"/>
									</conditions>
								</line>
								<line number="144" hits="13" branch="true" condition-coverage="100% (2/2)">
									<conditions>
										<condition number="0" type="jump" coverage="100%"/>
									</conditions>
								</line>
								<line number="145" hits="11" branch="false"/>
								<line number="146" hits="11" branch="false"/>
								<line number="147" hits="11" branch="false"/>
								<line number="149" hits="2" branch="false"/>
								<line number="150" hits="2" branch="false"/>
								<line number="151" hits="2" branch="false"/>
								<line number="154" hits="26" branch="false"/>
								<line number="155" hits="26" branch="false"/>
								<line number="156" hits="26" branch="false"/>
								<line number="157" hits="26" branch="false"/>
								<line number="158" hits="26" branch="false"/>
								<line number="161" hits="46" branch="false"/>
								<line number="162" hits="46" branch="false"/>
								<line number="163" hits="46" branch="false"/>
								<line number="165" hits="236" branch="false"/>
							</lines>
						</method>
						<method name="predictTime" signature="(Llift/Request;Llift/Request;)D" line-rate="1.0" branch-rate="1.0" complexity="0">
							<lines>
								<line number="47" hits="1416" branch="false"/>
								<line number="48" hits="1416" branch="true" condition-coverage="100% (2/2)">
									<conditions>
										<condition number="0" type="jump" coverage="100%"/>
									</conditions>
								</line>
								<line number="49" hits="29" branch="false"/>
								<line number="51" hits="1387" branch="false"/>
								<line number="53" hits="1416" branch="false"/>
								<line number="54" hits="1416" branch="true" condition-coverage="100% (2/2)">
									<conditions>
										<condition number="0" type="jump" coverage="100%"/>
									</conditions>
								</line>
								<line number="55" hits="666" branch="true" condition-coverage="100% (4/4)">
									<conditions>
										<condition number="0" type="jump" coverage="100%"/>
										<condition number="1" type="jump" coverage="100%"/>
									</conditions>
								</line>
								<line number="56" hits="486" branch="false"/>
								<line number="59" hits="1416" branch="false"/>
							</lines>
						</method>
						<method name="repOK" signature="()Z" line-rate="1.0" branch-rate="1.0" complexity="0">
							<lines>
								<line number="208" hits="3" branch="false"/>
							</lines>
						</method>
						<method name="resetClock" signature="(Llift/Request;)V" line-rate="1.0" branch-rate="1.0" complexity="0">
							<lines>
								<line number="71" hits="236" branch="true" condition-coverage="100% (2/2)">
									<conditions>
										<condition number="0" type="jump" coverage="100%"/>
									</conditions>
								</line>
								<line number="72" hits="29" branch="true" condition-coverage="100% (2/2)">
									<conditions>
										<condition number="0" type="jump" coverage="100%"/>
									</conditions>
								</line>
								<line number="73" hits="7" branch="false"/>
								<line number="75" hits="22" branch="true" condition-coverage="100% (2/2)">
									<conditions>
										<condition number="0" type="jump" coverage="100%"/>
									</conditions>
								</line>
								<line number="76" hits="4" branch="false"/>
								<line number="79" hits="236" branch="false"/>
							</lines>
						</method>
						<method name="toString" signature="(Llift/Request;)Ljava/lang/String;" line-rate="1.0" branch-rate="1.0" complexity="0">
							<lines>
								<line number="192" hits="236" branch="false"/>
								<line number="193" hits="236" branch="true" condition-coverage="100% (2/2)">
									<conditions>
										<condition number="0" type="jump" coverage="100%"/>
									</conditions>
								</line>
								<line number="194" hits="9" branch="false"/>
								<line number="195" hits="227" branch="true" condition-coverage="100% (2/2)">
									<conditions>
										<condition number="0" type="jump" coverage="100%"/>
									</conditions>
								</line>
								<line number="196" hits="98" branch="false"/>
								<line number="198" hits="129" branch="false"/>
							</lines>
						</method>
					</methods>
					<lines>
						<line number="22" hits="5" branch="false"/>
						<line number="23" hits="5" branch="false"/>
						<line number="24" hits="5" branch="false"/>
						<line number="25" hits="5" branch="false"/>
						<line number="26" hits="5" branch="false"/>
						<line number="27" hits="5" branch="false"/>
						<line number="28" hits="5" branch="false"/>
						<line number="29" hits="5" branch="false"/>
						<line number="32" hits="239" branch="false"/>
						<line number="36" hits="2429" branch="false"/>
						<line number="47" hits="1416" branch="false"/>
						<line number="48" hits="1416" branch="true" condition-coverage="100% (2/2)">
							<conditions>
								<condition number="0" type="jump" coverage="100%"/>
							</conditions>
						</line>
						<line number="49" hits="29" branch="false"/>
						<line number="51" hits="1387" branch="false"/>
						<line number="53" hits="1416" branch="false"/>
						<line number="54" hits="1416" branch="true" condition-coverage="100% (2/2)">
							<conditions>
								<condition number="0" type="jump" coverage="100%"/>
							</conditions>
						</line>
						<line number="55" hits="666" branch="true" condition-coverage="100% (4/4)">
							<conditions>
								<condition number="0" type="jump" coverage="100%"/>
								<condition number="1" type="jump" coverage="100%"/>
							</conditions>
						</line>
						<line number="56" hits="486" branch="false"/>
						<line number="59" hits="1416" branch="false"/>
						<line number="71" hits="236" branch="true" condition-coverage="100% (2/2)">
							<conditions>
								<condition number="0" type="jump" coverage="100%"/>
							</conditions>
						</line>
						<line number="72" hits="29" branch="true" condition-coverage="100% (2/2)">
							<conditions>
								<condition number="0" type="jump" coverage="100%"/>
							</conditions>
						</line>
						<line number="73" hits="7" branch="false"/>
						<line number="75" hits="22" branch="true" condition-coverage="100% (2/2)">
							<conditions>
								<condition number="0" type="jump" coverage="100%"/>
							</conditions>
						</line>
						<line number="76" hits="4" branch="false"/>
						<line number="79" hits="236" branch="false"/>
						<line number="90" hits="236" branch="false"/>
						<line number="91" hits="236" branch="true" condition-coverage="100% (2/2)">
							<conditions>
								<condition number="0" type="jump" coverage="100%"/>
							</conditions>
						</line>
						<line number="92" hits="103" branch="true" condition-coverage="100% (2/2)">
							<conditions>
								<condition number="0" type="jump" coverage="100%"/>
							</conditions>
						</line>
						<line number="93" hits="46" branch="false"/>
						<line number="94" hits="46" branch="false"/>
						<line number="96" hits="57" branch="true" condition-coverage="100% (2/2)">
							<conditions>
								<condition number="0" type="jump" coverage="100%"/>
							</conditions>
						</line>
						<line number="98" hits="12" branch="false"/>
						<line number="99" hits="12" branch="false"/>
						<line number="106" hits="45" branch="true" condition-coverage="100% (2/2)">
							<conditions>
								<condition number="0" type="jump" coverage="100%"/>
							</conditions>
						</line>
						<line number="107" hits="5" branch="false"/>
						<line number="108" hits="5" branch="false"/>
						<line number="109" hits="5" branch="false"/>
						<line number="110" hits="5" branch="false"/>
						<line number="111" hits="5" branch="false"/>
						<line number="112" hits="5" branch="false"/>
						<line number="114" hits="40" branch="false"/>
						<line number="115" hits="40" branch="false"/>
						<line number="116" hits="40" branch="false"/>
						<line number="117" hits="40" branch="false"/>
						<line number="119" hits="45" branch="false"/>
						<line number="123" hits="133" branch="true" condition-coverage="100% (2/2)">
							<conditions>
								<condition number="0" type="jump" coverage="100%"/>
							</conditions>
						</line>
						<line number="124" hits="87" branch="false"/>
						<line number="125" hits="87" branch="false"/>
						<line number="126" hits="87" branch="false"/>
						<line number="128" hits="46" branch="true" condition-coverage="100% (2/2)">
							<conditions>
								<condition number="0" type="jump" coverage="100%"/>
							</conditions>
						</line>
						<line number="129" hits="7" branch="false"/>
						<line number="130" hits="7" branch="true" condition-coverage="100% (2/2)">
							<conditions>
								<condition number="0" type="jump" coverage="100%"/>
							</conditions>
						</line>
						<line number="131" hits="1" branch="false"/>
						<line number="132" hits="1" branch="false"/>
						<line number="133" hits="1" branch="false"/>
						<line number="136" hits="6" branch="false"/>
						<line number="137" hits="6" branch="false"/>
						<line number="138" hits="6" branch="false"/>
						<line number="139" hits="6" branch="false"/>
						<line number="140" hits="6" branch="false"/>
						<line number="143" hits="39" branch="true" condition-coverage="100% (2/2)">
							<conditions>
								<condition number="0" type="jump" coverage="100%"/>
							</conditions>
						</line>
						<line number="144" hits="13" branch="true" condition-coverage="100% (2/2)">
							<conditions>
								<condition number="0" type="jump" coverage="100%"/>
							</conditions>
						</line>
						<line number="145" hits="11" branch="false"/>
						<line number="146" hits="11" branch="false"/>
						<line number="147" hits="11" branch="false"/>
						<line number="149" hits="2" branch="false"/>
						<line number="150" hits="2" branch="false"/>
						<line number="151" hits="2" branch="false"/>
						<line number="154" hits="26" branch="false"/>
						<line number="155" hits="26" branch="false"/>
						<line number="156" hits="26" branch="false"/>
						<line number="157" hits="26" branch="false"/>
						<line number="158" hits="26" branch="false"/>
						<line number="161" hits="46" branch="false"/>
						<line number="162" hits="46" branch="false"/>
						<line number="163" hits="46" branch="false"/>
						<line number="165" hits="236" branch="false"/>
						<line number="175" hits="210" branch="false"/>
						<line number="176" hits="210" branch="false"/>
						<line number="177" hits="210" branch="false"/>
						<line number="178" hits="210" branch="false"/>
						<line number="179" hits="210" branch="false"/>
						<line number="192" hits="236" branch="false"/>
						<line number="193" hits="236" branch="true" condition-coverage="100% (2/2)">
							<conditions>
								<condition number="0" type="jump" coverage="100%"/>
							</conditions>
						</line>
						<line number="194" hits="9" branch="false"/>
						<line number="195" hits="227" branch="true" condition-coverage="100% (2/2)">
							<conditions>
								<condition number="0" type="jump" coverage="100%"/>
							</conditions>
						</line>
						<line number="196" hits="98" branch="false"/>
						<line number="198" hits="129" branch="false"/>
						<line number="208" hits="3" branch="false"/>
					</lines>
				</class>
				<class name="lift.ElevatorTest" filename="lift/ElevatorTest.java" line-rate="0.9602649006622517" branch-rate="1.0" complexity="0.0">
					<methods>
						<method name="&lt;clinit&gt;" signature="()V" line-rate="1.0" branch-rate="1.0" complexity="0">
							<lines>
								<line number="14" hits="1" branch="false"/>
							</lines>
						</method>
						<method name="&lt;init&gt;" signature="()V" line-rate="1.0" branch-rate="1.0" complexity="0">
							<lines>
								<line number="13" hits="7" branch="false"/>
							</lines>
						</method>
						<method name="after" signature="()V" line-rate="1.0" branch-rate="1.0" complexity="0">
							<lines>
								<line number="29" hits="7" branch="false"/>
								<line number="30" hits="7" branch="false"/>
							</lines>
						</method>
						<method name="before" signature="()V" line-rate="1.0" branch-rate="1.0" complexity="0">
							<lines>
								<line number="24" hits="7" branch="false"/>
								<line number="25" hits="7" branch="false"/>
							</lines>
						</method>
						<method name="setUpBeforeClass" signature="()V" line-rate="1.0" branch-rate="1.0" complexity="0">
							<lines>
								<line number="18" hits="1" branch="false"/>
								<line number="19" hits="1" branch="false"/>
							</lines>
						</method>
						<method name="test0Main" signature="()V" line-rate="0.21739130434782608" branch-rate="1.0" complexity="0">
							<lines>
								<line number="35" hits="1" branch="false"/>
								<line number="36" hits="1" branch="false"/>
								<line number="37" hits="0" branch="false"/>
								<line number="38" hits="0" branch="false"/>
								<line number="39" hits="0" branch="false"/>
								<line number="40" hits="0" branch="false"/>
								<line number="41" hits="0" branch="false"/>
								<line number="42" hits="0" branch="false"/>
								<line number="43" hits="0" branch="false"/>
								<line number="44" hits="0" branch="false"/>
								<line number="45" hits="0" branch="false"/>
								<line number="46" hits="0" branch="false"/>
								<line number="47" hits="0" branch="false"/>
								<line number="48" hits="0" branch="false"/>
								<line number="49" hits="0" branch="false"/>
								<line number="50" hits="0" branch="false"/>
								<line number="51" hits="0" branch="false"/>
								<line number="52" hits="0" branch="false"/>
								<line number="53" hits="0" branch="false"/>
								<line number="54" hits="0" branch="false"/>
								<line number="55" hits="1" branch="false"/>
								<line number="56" hits="1" branch="false"/>
								<line number="58" hits="1" branch="false"/>
							</lines>
						</method>
						<method name="test1Invalid" signature="()V" line-rate="1.0" branch-rate="1.0" complexity="0">
							<lines>
								<line number="62" hits="1" branch="false"/>
								<line number="63" hits="1" branch="false"/>
								<line number="64" hits="1" branch="false"/>
								<line number="65" hits="1" branch="false"/>
								<line number="66" hits="1" branch="false"/>
								<line number="67" hits="1" branch="false"/>
								<line number="68" hits="1" branch="false"/>
								<line number="69" hits="1" branch="false"/>
								<line number="70" hits="1" branch="false"/>
								<line number="71" hits="1" branch="false"/>
								<line number="72" hits="1" branch="false"/>
								<line number="73" hits="1" branch="false"/>
								<line number="74" hits="1" branch="false"/>
								<line number="75" hits="1" branch="false"/>
								<line number="76" hits="1" branch="false"/>
								<line number="77" hits="1" branch="false"/>
								<line number="78" hits="1" branch="false"/>
								<line number="79" hits="1" branch="false"/>
								<line number="81" hits="1" branch="false"/>
								<line number="82" hits="1" branch="false"/>
								<line number="83" hits="1" branch="false"/>
								<line number="84" hits="1" branch="false"/>
								<line number="85" hits="1" branch="false"/>
								<line number="86" hits="1" branch="false"/>
								<line number="87" hits="1" branch="false"/>
								<line number="88" hits="1" branch="false"/>
								<line number="89" hits="1" branch="false"/>
								<line number="90" hits="1" branch="false"/>
								<line number="91" hits="1" branch="false"/>
								<line number="92" hits="1" branch="false"/>
								<line number="93" hits="1" branch="false"/>
								<line number="94" hits="1" branch="false"/>
								<line number="95" hits="1" branch="false"/>
								<line number="96" hits="1" branch="false"/>
								<line number="97" hits="1" branch="false"/>
								<line number="98" hits="1" branch="false"/>
								<line number="99" hits="1" branch="false"/>
								<line number="100" hits="1" branch="false"/>
								<line number="101" hits="1" branch="false"/>
								<line number="102" hits="1" branch="false"/>
								<line number="103" hits="1" branch="false"/>
								<line number="104" hits="1" branch="false"/>
								<line number="106" hits="1" branch="false"/>
								<line number="107" hits="1" branch="false"/>
								<line number="108" hits="1" branch="false"/>
								<line number="109" hits="1" branch="false"/>
								<line number="110" hits="1" branch="false"/>
								<line number="111" hits="1" branch="false"/>
								<line number="112" hits="1" branch="false"/>
								<line number="113" hits="1" branch="false"/>
								<line number="114" hits="1" branch="false"/>
								<line number="115" hits="1" branch="false"/>
								<line number="116" hits="1" branch="false"/>
								<line number="117" hits="1" branch="false"/>
								<line number="118" hits="1" branch="false"/>
								<line number="119" hits="1" branch="false"/>
								<line number="121" hits="1" branch="false"/>
								<line number="122" hits="1" branch="false"/>
								<line number="125" hits="1" branch="false"/>
							</lines>
						</method>
						<method name="test2" signature="()V" line-rate="1.0" branch-rate="1.0" complexity="0">
							<lines>
								<line number="129" hits="1" branch="false"/>
								<line number="130" hits="1" branch="false"/>
								<line number="131" hits="1" branch="false"/>
								<line number="132" hits="1" branch="false"/>
								<line number="133" hits="1" branch="false"/>
								<line number="134" hits="1" branch="false"/>
								<line number="135" hits="1" branch="false"/>
								<line number="136" hits="1" branch="false"/>
								<line number="137" hits="1" branch="false"/>
								<line number="138" hits="1" branch="false"/>
								<line number="139" hits="1" branch="false"/>
								<line number="140" hits="1" branch="false"/>
								<line number="141" hits="1" branch="false"/>
								<line number="142" hits="1" branch="false"/>
								<line number="143" hits="1" branch="false"/>
								<line number="144" hits="1" branch="false"/>
								<line number="145" hits="1" branch="false"/>
								<line number="146" hits="1" branch="false"/>
								<line number="147" hits="1" branch="false"/>
								<line number="148" hits="1" branch="false"/>
								<line number="149" hits="1" branch="false"/>
								<line number="150" hits="1" branch="false"/>
								<line number="151" hits="1" branch="false"/>
								<line number="152" hits="1" branch="false"/>
								<line number="153" hits="1" branch="false"/>
								<line number="154" hits="1" branch="false"/>
								<line number="155" hits="1" branch="false"/>
								<line number="156" hits="1" branch="false"/>
								<line number="157" hits="1" branch="false"/>
								<line number="158" hits="1" branch="false"/>
								<line number="159" hits="1" branch="false"/>
								<line number="160" hits="1" branch="false"/>
								<line number="161" hits="1" branch="false"/>
								<line number="162" hits="1" branch="false"/>
								<line number="163" hits="1" branch="false"/>
								<line number="164" hits="1" branch="false"/>
								<line number="165" hits="1" branch="false"/>
								<line number="166" hits="1" branch="false"/>
								<line number="167" hits="1" branch="false"/>
								<line number="168" hits="1" branch="false"/>
								<line number="169" hits="1" branch="false"/>
								<line number="170" hits="1" branch="false"/>
								<line number="171" hits="1" branch="false"/>
								<line number="172" hits="1" branch="false"/>
								<line number="173" hits="1" branch="false"/>
								<line number="174" hits="1" branch="false"/>
								<line number="175" hits="1" branch="false"/>
								<line number="176" hits="1" branch="false"/>
								<line number="177" hits="1" branch="false"/>
								<line number="178" hits="1" branch="false"/>
								<line number="179" hits="1" branch="false"/>
								<line number="180" hits="1" branch="false"/>
								<line number="181" hits="1" branch="false"/>
								<line number="182" hits="1" branch="false"/>
								<line number="183" hits="1" branch="false"/>
								<line number="184" hits="1" branch="false"/>
								<line number="185" hits="1" branch="false"/>
								<line number="186" hits="1" branch="false"/>
								<line number="187" hits="1" branch="false"/>
								<line number="188" hits="1" branch="false"/>
								<line number="189" hits="1" branch="false"/>
								<line number="190" hits="1" branch="false"/>
								<line number="191" hits="1" branch="false"/>
								<line number="192" hits="1" branch="false"/>
								<line number="193" hits="1" branch="false"/>
								<line number="194" hits="1" branch="false"/>
								<line number="195" hits="1" branch="false"/>
								<line number="196" hits="1" branch="false"/>
								<line number="197" hits="1" branch="false"/>
								<line number="198" hits="1" branch="false"/>
								<line number="199" hits="1" branch="false"/>
								<line number="200" hits="1" branch="false"/>
								<line number="201" hits="1" branch="false"/>
								<line number="202" hits="1" branch="false"/>
								<line number="203" hits="1" branch="false"/>
								<line number="204" hits="1" branch="false"/>
								<line number="205" hits="1" branch="false"/>
								<line number="206" hits="1" branch="false"/>
								<line number="207" hits="1" branch="false"/>
								<line number="208" hits="1" branch="false"/>
								<line number="209" hits="1" branch="false"/>
								<line number="210" hits="1" branch="false"/>
								<line number="211" hits="1" branch="false"/>
								<line number="212" hits="1" branch="false"/>
								<line number="213" hits="1" branch="false"/>
								<line number="214" hits="1" branch="false"/>
								<line number="215" hits="1" branch="false"/>
								<line number="216" hits="1" branch="false"/>
								<line number="217" hits="1" branch="false"/>
								<line number="218" hits="1" branch="false"/>
								<line number="219" hits="1" branch="false"/>
								<line number="220" hits="1" branch="false"/>
								<line number="221" hits="1" branch="false"/>
								<line number="222" hits="1" branch="false"/>
								<line number="223" hits="1" branch="false"/>
								<line number="224" hits="1" branch="false"/>
								<line number="225" hits="1" branch="false"/>
								<line number="226" hits="1" branch="false"/>
								<line number="227" hits="1" branch="false"/>
								<line number="228" hits="1" branch="false"/>
								<line number="229" hits="1" branch="false"/>
								<line number="230" hits="1" branch="false"/>
								<line number="231" hits="1" branch="false"/>
								<line number="233" hits="1" branch="false"/>
								<line number="234" hits="1" branch="false"/>
								<line number="235" hits="1" branch="false"/>
								<line number="236" hits="1" branch="false"/>
								<line number="237" hits="73" branch="true" condition-coverage="100% (2/2)">
									<conditions>
										<condition number="0" type="jump" coverage="100%"/>
									</conditions>
								</line>
								<line number="238" hits="72" branch="false"/>
								<line number="240" hits="1" branch="false"/>
								<line number="241" hits="1" branch="false"/>
							</lines>
						</method>
						<method name="test3" signature="()V" line-rate="1.0" branch-rate="1.0" complexity="0">
							<lines>
								<line number="245" hits="1" branch="false"/>
								<line number="246" hits="1" branch="false"/>
								<line number="247" hits="1" branch="false"/>
								<line number="248" hits="1" branch="false"/>
								<line number="249" hits="1" branch="false"/>
								<line number="250" hits="1" branch="false"/>
								<line number="251" hits="1" branch="false"/>
								<line number="252" hits="1" branch="false"/>
								<line number="253" hits="1" branch="false"/>
								<line number="254" hits="1" branch="false"/>
								<line number="255" hits="1" branch="false"/>
								<line number="256" hits="1" branch="false"/>
								<line number="257" hits="1" branch="false"/>
								<line number="258" hits="1" branch="false"/>
								<line number="259" hits="1" branch="false"/>
								<line number="260" hits="1" branch="false"/>
								<line number="261" hits="1" branch="false"/>
								<line number="262" hits="1" branch="false"/>
								<line number="263" hits="1" branch="false"/>
								<line number="264" hits="1" branch="false"/>
								<line number="265" hits="1" branch="false"/>
								<line number="266" hits="1" branch="false"/>
								<line number="267" hits="1" branch="false"/>
								<line number="268" hits="1" branch="false"/>
								<line number="269" hits="1" branch="false"/>
								<line number="270" hits="1" branch="false"/>
								<line number="271" hits="1" branch="false"/>
								<line number="272" hits="1" branch="false"/>
								<line number="273" hits="1" branch="false"/>
								<line number="274" hits="1" branch="false"/>
								<line number="275" hits="1" branch="false"/>
								<line number="276" hits="1" branch="false"/>
								<line number="277" hits="1" branch="false"/>
								<line number="278" hits="1" branch="false"/>
								<line number="279" hits="1" branch="false"/>
								<line number="280" hits="1" branch="false"/>
								<line number="281" hits="1" branch="false"/>
								<line number="282" hits="1" branch="false"/>
								<line number="283" hits="1" branch="false"/>
								<line number="284" hits="1" branch="false"/>
								<line number="285" hits="1" branch="false"/>
								<line number="286" hits="1" branch="false"/>
								<line number="287" hits="1" branch="false"/>
								<line number="288" hits="1" branch="false"/>
								<line number="289" hits="1" branch="false"/>
								<line number="290" hits="1" branch="false"/>
								<line number="291" hits="1" branch="false"/>
								<line number="292" hits="1" branch="false"/>
								<line number="293" hits="1" branch="false"/>
								<line number="294" hits="1" branch="false"/>
								<line number="295" hits="1" branch="false"/>
								<line number="296" hits="1" branch="false"/>
								<line number="297" hits="1" branch="false"/>
								<line number="298" hits="1" branch="false"/>
								<line number="299" hits="1" branch="false"/>
								<line number="300" hits="1" branch="false"/>
								<line number="301" hits="1" branch="false"/>
								<line number="302" hits="1" branch="false"/>
								<line number="303" hits="1" branch="false"/>
								<line number="304" hits="1" branch="false"/>
								<line number="305" hits="1" branch="false"/>
								<line number="306" hits="1" branch="false"/>
								<line number="307" hits="1" branch="false"/>
								<line number="308" hits="1" branch="false"/>
								<line number="309" hits="1" branch="false"/>
								<line number="310" hits="1" branch="false"/>
								<line number="311" hits="1" branch="false"/>
								<line number="312" hits="1" branch="false"/>
								<line number="313" hits="1" branch="false"/>
								<line number="314" hits="1" branch="false"/>
								<line number="315" hits="1" branch="false"/>
								<line number="316" hits="1" branch="false"/>
								<line number="317" hits="1" branch="false"/>
								<line number="318" hits="1" branch="false"/>
								<line number="319" hits="1" branch="false"/>
								<line number="320" hits="1" branch="false"/>
								<line number="321" hits="1" branch="false"/>
								<line number="322" hits="1" branch="false"/>
								<line number="323" hits="1" branch="false"/>
								<line number="324" hits="1" branch="false"/>
								<line number="325" hits="1" branch="false"/>
								<line number="326" hits="1" branch="false"/>
								<line number="327" hits="1" branch="false"/>
								<line number="328" hits="1" branch="false"/>
								<line number="329" hits="1" branch="false"/>
								<line number="330" hits="1" branch="false"/>
								<line number="331" hits="1" branch="false"/>
								<line number="332" hits="1" branch="false"/>
								<line number="333" hits="1" branch="false"/>
								<line number="334" hits="1" branch="false"/>
								<line number="335" hits="1" branch="false"/>
								<line number="336" hits="1" branch="false"/>
								<line number="337" hits="1" branch="false"/>
								<line number="338" hits="1" branch="false"/>
								<line number="339" hits="1" branch="false"/>
								<line number="340" hits="1" branch="false"/>
								<line number="341" hits="1" branch="false"/>
								<line number="342" hits="1" branch="false"/>
								<line number="343" hits="1" branch="false"/>
								<line number="344" hits="1" branch="false"/>
								<line number="345" hits="1" branch="false"/>
								<line number="347" hits="1" branch="false"/>
								<line number="348" hits="1" branch="false"/>
								<line number="349" hits="1" branch="false"/>
								<line number="350" hits="1" branch="false"/>
								<line number="351" hits="72" branch="true" condition-coverage="100% (2/2)">
									<conditions>
										<condition number="0" type="jump" coverage="100%"/>
									</conditions>
								</line>
								<line number="352" hits="71" branch="false"/>
								<line number="354" hits="1" branch="false"/>
								<line number="355" hits="1" branch="false"/>
								<line number="356" hits="1" branch="false"/>
								<line number="357" hits="1" branch="false"/>
							</lines>
						</method>
						<method name="test4" signature="()V" line-rate="1.0" branch-rate="1.0" complexity="0">
							<lines>
								<line number="360" hits="1" branch="false"/>
								<line number="361" hits="1" branch="false"/>
								<line number="362" hits="1" branch="false"/>
								<line number="363" hits="1" branch="false"/>
								<line number="364" hits="1" branch="false"/>
								<line number="365" hits="1" branch="false"/>
								<line number="366" hits="1" branch="false"/>
								<line number="367" hits="1" branch="false"/>
								<line number="368" hits="1" branch="false"/>
								<line number="369" hits="1" branch="false"/>
								<line number="370" hits="1" branch="false"/>
								<line number="371" hits="1" branch="false"/>
								<line number="372" hits="1" branch="false"/>
								<line number="373" hits="1" branch="false"/>
								<line number="374" hits="1" branch="false"/>
								<line number="375" hits="1" branch="false"/>
								<line number="376" hits="1" branch="false"/>
								<line number="377" hits="1" branch="false"/>
								<line number="378" hits="1" branch="false"/>
								<line number="379" hits="1" branch="false"/>
								<line number="380" hits="1" branch="false"/>
								<line number="381" hits="1" branch="false"/>
								<line number="382" hits="1" branch="false"/>
								<line number="383" hits="1" branch="false"/>
								<line number="384" hits="1" branch="false"/>
								<line number="385" hits="1" branch="false"/>
								<line number="386" hits="1" branch="false"/>
								<line number="387" hits="1" branch="false"/>
								<line number="388" hits="1" branch="false"/>
								<line number="389" hits="1" branch="false"/>
								<line number="390" hits="1" branch="false"/>
								<line number="391" hits="1" branch="false"/>
								<line number="392" hits="1" branch="false"/>
								<line number="393" hits="1" branch="false"/>
								<line number="394" hits="1" branch="false"/>
								<line number="395" hits="1" branch="false"/>
								<line number="396" hits="1" branch="false"/>
								<line number="397" hits="1" branch="false"/>
								<line number="398" hits="1" branch="false"/>
								<line number="399" hits="1" branch="false"/>
								<line number="400" hits="1" branch="false"/>
								<line number="401" hits="1" branch="false"/>
								<line number="402" hits="1" branch="false"/>
								<line number="403" hits="1" branch="false"/>
								<line number="404" hits="1" branch="false"/>
								<line number="405" hits="1" branch="false"/>
								<line number="406" hits="1" branch="false"/>
								<line number="407" hits="1" branch="false"/>
								<line number="408" hits="1" branch="false"/>
								<line number="409" hits="1" branch="false"/>
								<line number="410" hits="1" branch="false"/>
								<line number="411" hits="1" branch="false"/>
								<line number="412" hits="1" branch="false"/>
								<line number="413" hits="1" branch="false"/>
								<line number="414" hits="1" branch="false"/>
								<line number="415" hits="1" branch="false"/>
								<line number="416" hits="1" branch="false"/>
								<line number="417" hits="1" branch="false"/>
								<line number="418" hits="1" branch="false"/>
								<line number="419" hits="1" branch="false"/>
								<line number="420" hits="1" branch="false"/>
								<line number="421" hits="1" branch="false"/>
								<line number="422" hits="1" branch="false"/>
								<line number="423" hits="1" branch="false"/>
								<line number="424" hits="1" branch="false"/>
								<line number="425" hits="1" branch="false"/>
								<line number="426" hits="1" branch="false"/>
								<line number="427" hits="1" branch="false"/>
								<line number="428" hits="1" branch="false"/>
								<line number="429" hits="1" branch="false"/>
								<line number="430" hits="1" branch="false"/>
								<line number="431" hits="1" branch="false"/>
								<line number="432" hits="1" branch="false"/>
								<line number="433" hits="1" branch="false"/>
								<line number="434" hits="1" branch="false"/>
								<line number="435" hits="1" branch="false"/>
								<line number="436" hits="1" branch="false"/>
								<line number="437" hits="1" branch="false"/>
								<line number="438" hits="1" branch="false"/>
								<line number="439" hits="1" branch="false"/>
								<line number="440" hits="1" branch="false"/>
								<line number="441" hits="1" branch="false"/>
								<line number="442" hits="1" branch="false"/>
								<line number="443" hits="1" branch="false"/>
								<line number="444" hits="1" branch="false"/>
								<line number="445" hits="1" branch="false"/>
								<line number="446" hits="1" branch="false"/>
								<line number="447" hits="1" branch="false"/>
								<line number="448" hits="1" branch="false"/>
								<line number="449" hits="1" branch="false"/>
								<line number="450" hits="1" branch="false"/>
								<line number="451" hits="1" branch="false"/>
								<line number="452" hits="1" branch="false"/>
								<line number="453" hits="1" branch="false"/>
								<line number="454" hits="1" branch="false"/>
								<line number="455" hits="1" branch="false"/>
								<line number="456" hits="1" branch="false"/>
								<line number="457" hits="1" branch="false"/>
								<line number="458" hits="1" branch="false"/>
								<line number="459" hits="1" branch="false"/>
								<line number="460" hits="1" branch="false"/>
								<line number="461" hits="1" branch="false"/>
								<line number="462" hits="1" branch="false"/>
								<line number="464" hits="1" branch="false"/>
								<line number="465" hits="1" branch="false"/>
								<line number="466" hits="1" branch="false"/>
								<line number="467" hits="1" branch="false"/>
								<line number="468" hits="84" branch="true" condition-coverage="100% (2/2)">
									<conditions>
										<condition number="0" type="jump" coverage="100%"/>
									</conditions>
								</line>
								<line number="469" hits="83" branch="false"/>
								<line number="471" hits="1" branch="false"/>
								<line number="472" hits="1" branch="false"/>
								<line number="473" hits="1" branch="false"/>
								<line number="474" hits="1" branch="false"/>
							</lines>
						</method>
						<method name="test5" signature="()V" line-rate="1.0" branch-rate="1.0" complexity="0">
							<lines>
								<line number="478" hits="1" branch="false"/>
								<line number="479" hits="1" branch="false"/>
								<line number="480" hits="1" branch="false"/>
								<line number="481" hits="1" branch="false"/>
								<line number="482" hits="1" branch="false"/>
								<line number="483" hits="1" branch="false"/>
								<line number="484" hits="1" branch="false"/>
								<line number="485" hits="1" branch="false"/>
								<line number="486" hits="1" branch="false"/>
								<line number="487" hits="1" branch="false"/>
								<line number="488" hits="1" branch="false"/>
								<line number="489" hits="1" branch="false"/>
								<line number="490" hits="1" branch="false"/>
								<line number="491" hits="1" branch="false"/>
								<line number="493" hits="1" branch="false"/>
								<line number="494" hits="1" branch="false"/>
								<line number="495" hits="12" branch="true" condition-coverage="100% (2/2)">
									<conditions>
										<condition number="0" type="jump" coverage="100%"/>
									</conditions>
								</line>
								<line number="496" hits="11" branch="false"/>
								<line number="498" hits="1" branch="false"/>
							</lines>
						</method>
						<method name="test6" signature="()V" line-rate="1.0" branch-rate="1.0" complexity="0">
							<lines>
								<line number="502" hits="1" branch="false"/>
								<line number="503" hits="1" branch="false"/>
								<line number="504" hits="1" branch="false"/>
								<line number="505" hits="1" branch="false"/>
								<line number="506" hits="1" branch="false"/>
								<line number="507" hits="1" branch="false"/>
								<line number="508" hits="1" branch="false"/>
								<line number="509" hits="1" branch="false"/>
								<line number="510" hits="1" branch="false"/>
							</lines>
						</method>
					</methods>
					<lines>
						<line number="13" hits="7" branch="false"/>
						<line number="14" hits="1" branch="false"/>
						<line number="18" hits="1" branch="false"/>
						<line number="19" hits="1" branch="false"/>
						<line number="24" hits="7" branch="false"/>
						<line number="25" hits="7" branch="false"/>
						<line number="29" hits="7" branch="false"/>
						<line number="30" hits="7" branch="false"/>
						<line number="35" hits="1" branch="false"/>
						<line number="36" hits="1" branch="false"/>
						<line number="37" hits="0" branch="false"/>
						<line number="38" hits="0" branch="false"/>
						<line number="39" hits="0" branch="false"/>
						<line number="40" hits="0" branch="false"/>
						<line number="41" hits="0" branch="false"/>
						<line number="42" hits="0" branch="false"/>
						<line number="43" hits="0" branch="false"/>
						<line number="44" hits="0" branch="false"/>
						<line number="45" hits="0" branch="false"/>
						<line number="46" hits="0" branch="false"/>
						<line number="47" hits="0" branch="false"/>
						<line number="48" hits="0" branch="false"/>
						<line number="49" hits="0" branch="false"/>
						<line number="50" hits="0" branch="false"/>
						<line number="51" hits="0" branch="false"/>
						<line number="52" hits="0" branch="false"/>
						<line number="53" hits="0" branch="false"/>
						<line number="54" hits="0" branch="false"/>
						<line number="55" hits="1" branch="false"/>
						<line number="56" hits="1" branch="false"/>
						<line number="58" hits="1" branch="false"/>
						<line number="62" hits="1" branch="false"/>
						<line number="63" hits="1" branch="false"/>
						<line number="64" hits="1" branch="false"/>
						<line number="65" hits="1" branch="false"/>
						<line number="66" hits="1" branch="false"/>
						<line number="67" hits="1" branch="false"/>
						<line number="68" hits="1" branch="false"/>
						<line number="69" hits="1" branch="false"/>
						<line number="70" hits="1" branch="false"/>
						<line number="71" hits="1" branch="false"/>
						<line number="72" hits="1" branch="false"/>
						<line number="73" hits="1" branch="false"/>
						<line number="74" hits="1" branch="false"/>
						<line number="75" hits="1" branch="false"/>
						<line number="76" hits="1" branch="false"/>
						<line number="77" hits="1" branch="false"/>
						<line number="78" hits="1" branch="false"/>
						<line number="79" hits="1" branch="false"/>
						<line number="81" hits="1" branch="false"/>
						<line number="82" hits="1" branch="false"/>
						<line number="83" hits="1" branch="false"/>
						<line number="84" hits="1" branch="false"/>
						<line number="85" hits="1" branch="false"/>
						<line number="86" hits="1" branch="false"/>
						<line number="87" hits="1" branch="false"/>
						<line number="88" hits="1" branch="false"/>
						<line number="89" hits="1" branch="false"/>
						<line number="90" hits="1" branch="false"/>
						<line number="91" hits="1" branch="false"/>
						<line number="92" hits="1" branch="false"/>
						<line number="93" hits="1" branch="false"/>
						<line number="94" hits="1" branch="false"/>
						<line number="95" hits="1" branch="false"/>
						<line number="96" hits="1" branch="false"/>
						<line number="97" hits="1" branch="false"/>
						<line number="98" hits="1" branch="false"/>
						<line number="99" hits="1" branch="false"/>
						<line number="100" hits="1" branch="false"/>
						<line number="101" hits="1" branch="false"/>
						<line number="102" hits="1" branch="false"/>
						<line number="103" hits="1" branch="false"/>
						<line number="104" hits="1" branch="false"/>
						<line number="106" hits="1" branch="false"/>
						<line number="107" hits="1" branch="false"/>
						<line number="108" hits="1" branch="false"/>
						<line number="109" hits="1" branch="false"/>
						<line number="110" hits="1" branch="false"/>
						<line number="111" hits="1" branch="false"/>
						<line number="112" hits="1" branch="false"/>
						<line number="113" hits="1" branch="false"/>
						<line number="114" hits="1" branch="false"/>
						<line number="115" hits="1" branch="false"/>
						<line number="116" hits="1" branch="false"/>
						<line number="117" hits="1" branch="false"/>
						<line number="118" hits="1" branch="false"/>
						<line number="119" hits="1" branch="false"/>
						<line number="121" hits="1" branch="false"/>
						<line number="122" hits="1" branch="false"/>
						<line number="125" hits="1" branch="false"/>
						<line number="129" hits="1" branch="false"/>
						<line number="130" hits="1" branch="false"/>
						<line number="131" hits="1" branch="false"/>
						<line number="132" hits="1" branch="false"/>
						<line number="133" hits="1" branch="false"/>
						<line number="134" hits="1" branch="false"/>
						<line number="135" hits="1" branch="false"/>
						<line number="136" hits="1" branch="false"/>
						<line number="137" hits="1" branch="false"/>
						<line number="138" hits="1" branch="false"/>
						<line number="139" hits="1" branch="false"/>
						<line number="140" hits="1" branch="false"/>
						<line number="141" hits="1" branch="false"/>
						<line number="142" hits="1" branch="false"/>
						<line number="143" hits="1" branch="false"/>
						<line number="144" hits="1" branch="false"/>
						<line number="145" hits="1" branch="false"/>
						<line number="146" hits="1" branch="false"/>
						<line number="147" hits="1" branch="false"/>
						<line number="148" hits="1" branch="false"/>
						<line number="149" hits="1" branch="false"/>
						<line number="150" hits="1" branch="false"/>
						<line number="151" hits="1" branch="false"/>
						<line number="152" hits="1" branch="false"/>
						<line number="153" hits="1" branch="false"/>
						<line number="154" hits="1" branch="false"/>
						<line number="155" hits="1" branch="false"/>
						<line number="156" hits="1" branch="false"/>
						<line number="157" hits="1" branch="false"/>
						<line number="158" hits="1" branch="false"/>
						<line number="159" hits="1" branch="false"/>
						<line number="160" hits="1" branch="false"/>
						<line number="161" hits="1" branch="false"/>
						<line number="162" hits="1" branch="false"/>
						<line number="163" hits="1" branch="false"/>
						<line number="164" hits="1" branch="false"/>
						<line number="165" hits="1" branch="false"/>
						<line number="166" hits="1" branch="false"/>
						<line number="167" hits="1" branch="false"/>
						<line number="168" hits="1" branch="false"/>
						<line number="169" hits="1" branch="false"/>
						<line number="170" hits="1" branch="false"/>
						<line number="171" hits="1" branch="false"/>
						<line number="172" hits="1" branch="false"/>
						<line number="173" hits="1" branch="false"/>
						<line number="174" hits="1" branch="false"/>
						<line number="175" hits="1" branch="false"/>
						<line number="176" hits="1" branch="false"/>
						<line number="177" hits="1" branch="false"/>
						<line number="178" hits="1" branch="false"/>
						<line number="179" hits="1" branch="false"/>
						<line number="180" hits="1" branch="false"/>
						<line number="181" hits="1" branch="false"/>
						<line number="182" hits="1" branch="false"/>
						<line number="183" hits="1" branch="false"/>
						<line number="184" hits="1" branch="false"/>
						<line number="185" hits="1" branch="false"/>
						<line number="186" hits="1" branch="false"/>
						<line number="187" hits="1" branch="false"/>
						<line number="188" hits="1" branch="false"/>
						<line number="189" hits="1" branch="false"/>
						<line number="190" hits="1" branch="false"/>
						<line number="191" hits="1" branch="false"/>
						<line number="192" hits="1" branch="false"/>
						<line number="193" hits="1" branch="false"/>
						<line number="194" hits="1" branch="false"/>
						<line number="195" hits="1" branch="false"/>
						<line number="196" hits="1" branch="false"/>
						<line number="197" hits="1" branch="false"/>
						<line number="198" hits="1" branch="false"/>
						<line number="199" hits="1" branch="false"/>
						<line number="200" hits="1" branch="false"/>
						<line number="201" hits="1" branch="false"/>
						<line number="202" hits="1" branch="false"/>
						<line number="203" hits="1" branch="false"/>
						<line number="204" hits="1" branch="false"/>
						<line number="205" hits="1" branch="false"/>
						<line number="206" hits="1" branch="false"/>
						<line number="207" hits="1" branch="false"/>
						<line number="208" hits="1" branch="false"/>
						<line number="209" hits="1" branch="false"/>
						<line number="210" hits="1" branch="false"/>
						<line number="211" hits="1" branch="false"/>
						<line number="212" hits="1" branch="false"/>
						<line number="213" hits="1" branch="false"/>
						<line number="214" hits="1" branch="false"/>
						<line number="215" hits="1" branch="false"/>
						<line number="216" hits="1" branch="false"/>
						<line number="217" hits="1" branch="false"/>
						<line number="218" hits="1" branch="false"/>
						<line number="219" hits="1" branch="false"/>
						<line number="220" hits="1" branch="false"/>
						<line number="221" hits="1" branch="false"/>
						<line number="222" hits="1" branch="false"/>
						<line number="223" hits="1" branch="false"/>
						<line number="224" hits="1" branch="false"/>
						<line number="225" hits="1" branch="false"/>
						<line number="226" hits="1" branch="false"/>
						<line number="227" hits="1" branch="false"/>
						<line number="228" hits="1" branch="false"/>
						<line number="229" hits="1" branch="false"/>
						<line number="230" hits="1" branch="false"/>
						<line number="231" hits="1" branch="false"/>
						<line number="233" hits="1" branch="false"/>
						<line number="234" hits="1" branch="false"/>
						<line number="235" hits="1" branch="false"/>
						<line number="236" hits="1" branch="false"/>
						<line number="237" hits="73" branch="true" condition-coverage="100% (2/2)">
							<conditions>
								<condition number="0" type="jump" coverage="100%"/>
							</conditions>
						</line>
						<line number="238" hits="72" branch="false"/>
						<line number="240" hits="1" branch="false"/>
						<line number="241" hits="1" branch="false"/>
						<line number="245" hits="1" branch="false"/>
						<line number="246" hits="1" branch="false"/>
						<line number="247" hits="1" branch="false"/>
						<line number="248" hits="1" branch="false"/>
						<line number="249" hits="1" branch="false"/>
						<line number="250" hits="1" branch="false"/>
						<line number="251" hits="1" branch="false"/>
						<line number="252" hits="1" branch="false"/>
						<line number="253" hits="1" branch="false"/>
						<line number="254" hits="1" branch="false"/>
						<line number="255" hits="1" branch="false"/>
						<line number="256" hits="1" branch="false"/>
						<line number="257" hits="1" branch="false"/>
						<line number="258" hits="1" branch="false"/>
						<line number="259" hits="1" branch="false"/>
						<line number="260" hits="1" branch="false"/>
						<line number="261" hits="1" branch="false"/>
						<line number="262" hits="1" branch="false"/>
						<line number="263" hits="1" branch="false"/>
						<line number="264" hits="1" branch="false"/>
						<line number="265" hits="1" branch="false"/>
						<line number="266" hits="1" branch="false"/>
						<line number="267" hits="1" branch="false"/>
						<line number="268" hits="1" branch="false"/>
						<line number="269" hits="1" branch="false"/>
						<line number="270" hits="1" branch="false"/>
						<line number="271" hits="1" branch="false"/>
						<line number="272" hits="1" branch="false"/>
						<line number="273" hits="1" branch="false"/>
						<line number="274" hits="1" branch="false"/>
						<line number="275" hits="1" branch="false"/>
						<line number="276" hits="1" branch="false"/>
						<line number="277" hits="1" branch="false"/>
						<line number="278" hits="1" branch="false"/>
						<line number="279" hits="1" branch="false"/>
						<line number="280" hits="1" branch="false"/>
						<line number="281" hits="1" branch="false"/>
						<line number="282" hits="1" branch="false"/>
						<line number="283" hits="1" branch="false"/>
						<line number="284" hits="1" branch="false"/>
						<line number="285" hits="1" branch="false"/>
						<line number="286" hits="1" branch="false"/>
						<line number="287" hits="1" branch="false"/>
						<line number="288" hits="1" branch="false"/>
						<line number="289" hits="1" branch="false"/>
						<line number="290" hits="1" branch="false"/>
						<line number="291" hits="1" branch="false"/>
						<line number="292" hits="1" branch="false"/>
						<line number="293" hits="1" branch="false"/>
						<line number="294" hits="1" branch="false"/>
						<line number="295" hits="1" branch="false"/>
						<line number="296" hits="1" branch="false"/>
						<line number="297" hits="1" branch="false"/>
						<line number="298" hits="1" branch="false"/>
						<line number="299" hits="1" branch="false"/>
						<line number="300" hits="1" branch="false"/>
						<line number="301" hits="1" branch="false"/>
						<line number="302" hits="1" branch="false"/>
						<line number="303" hits="1" branch="false"/>
						<line number="304" hits="1" branch="false"/>
						<line number="305" hits="1" branch="false"/>
						<line number="306" hits="1" branch="false"/>
						<line number="307" hits="1" branch="false"/>
						<line number="308" hits="1" branch="false"/>
						<line number="309" hits="1" branch="false"/>
						<line number="310" hits="1" branch="false"/>
						<line number="311" hits="1" branch="false"/>
						<line number="312" hits="1" branch="false"/>
						<line number="313" hits="1" branch="false"/>
						<line number="314" hits="1" branch="false"/>
						<line number="315" hits="1" branch="false"/>
						<line number="316" hits="1" branch="false"/>
						<line number="317" hits="1" branch="false"/>
						<line number="318" hits="1" branch="false"/>
						<line number="319" hits="1" branch="false"/>
						<line number="320" hits="1" branch="false"/>
						<line number="321" hits="1" branch="false"/>
						<line number="322" hits="1" branch="false"/>
						<line number="323" hits="1" branch="false"/>
						<line number="324" hits="1" branch="false"/>
						<line number="325" hits="1" branch="false"/>
						<line number="326" hits="1" branch="false"/>
						<line number="327" hits="1" branch="false"/>
						<line number="328" hits="1" branch="false"/>
						<line number="329" hits="1" branch="false"/>
						<line number="330" hits="1" branch="false"/>
						<line number="331" hits="1" branch="false"/>
						<line number="332" hits="1" branch="false"/>
						<line number="333" hits="1" branch="false"/>
						<line number="334" hits="1" branch="false"/>
						<line number="335" hits="1" branch="false"/>
						<line number="336" hits="1" branch="false"/>
						<line number="337" hits="1" branch="false"/>
						<line number="338" hits="1" branch="false"/>
						<line number="339" hits="1" branch="false"/>
						<line number="340" hits="1" branch="false"/>
						<line number="341" hits="1" branch="false"/>
						<line number="342" hits="1" branch="false"/>
						<line number="343" hits="1" branch="false"/>
						<line number="344" hits="1" branch="false"/>
						<line number="345" hits="1" branch="false"/>
						<line number="347" hits="1" branch="false"/>
						<line number="348" hits="1" branch="false"/>
						<line number="349" hits="1" branch="false"/>
						<line number="350" hits="1" branch="false"/>
						<line number="351" hits="72" branch="true" condition-coverage="100% (2/2)">
							<conditions>
								<condition number="0" type="jump" coverage="100%"/>
							</conditions>
						</line>
						<line number="352" hits="71" branch="false"/>
						<line number="354" hits="1" branch="false"/>
						<line number="355" hits="1" branch="false"/>
						<line number="356" hits="1" branch="false"/>
						<line number="357" hits="1" branch="false"/>
						<line number="360" hits="1" branch="false"/>
						<line number="361" hits="1" branch="false"/>
						<line number="362" hits="1" branch="false"/>
						<line number="363" hits="1" branch="false"/>
						<line number="364" hits="1" branch="false"/>
						<line number="365" hits="1" branch="false"/>
						<line number="366" hits="1" branch="false"/>
						<line number="367" hits="1" branch="false"/>
						<line number="368" hits="1" branch="false"/>
						<line number="369" hits="1" branch="false"/>
						<line number="370" hits="1" branch="false"/>
						<line number="371" hits="1" branch="false"/>
						<line number="372" hits="1" branch="false"/>
						<line number="373" hits="1" branch="false"/>
						<line number="374" hits="1" branch="false"/>
						<line number="375" hits="1" branch="false"/>
						<line number="376" hits="1" branch="false"/>
						<line number="377" hits="1" branch="false"/>
						<line number="378" hits="1" branch="false"/>
						<line number="379" hits="1" branch="false"/>
						<line number="380" hits="1" branch="false"/>
						<line number="381" hits="1" branch="false"/>
						<line number="382" hits="1" branch="false"/>
						<line number="383" hits="1" branch="false"/>
						<line number="384" hits="1" branch="false"/>
						<line number="385" hits="1" branch="false"/>
						<line number="386" hits="1" branch="false"/>
						<line number="387" hits="1" branch="false"/>
						<line number="388" hits="1" branch="false"/>
						<line number="389" hits="1" branch="false"/>
						<line number="390" hits="1" branch="false"/>
						<line number="391" hits="1" branch="false"/>
						<line number="392" hits="1" branch="false"/>
						<line number="393" hits="1" branch="false"/>
						<line number="394" hits="1" branch="false"/>
						<line number="395" hits="1" branch="false"/>
						<line number="396" hits="1" branch="false"/>
						<line number="397" hits="1" branch="false"/>
						<line number="398" hits="1" branch="false"/>
						<line number="399" hits="1" branch="false"/>
						<line number="400" hits="1" branch="false"/>
						<line number="401" hits="1" branch="false"/>
						<line number="402" hits="1" branch="false"/>
						<line number="403" hits="1" branch="false"/>
						<line number="404" hits="1" branch="false"/>
						<line number="405" hits="1" branch="false"/>
						<line number="406" hits="1" branch="false"/>
						<line number="407" hits="1" branch="false"/>
						<line number="408" hits="1" branch="false"/>
						<line number="409" hits="1" branch="false"/>
						<line number="410" hits="1" branch="false"/>
						<line number="411" hits="1" branch="false"/>
						<line number="412" hits="1" branch="false"/>
						<line number="413" hits="1" branch="false"/>
						<line number="414" hits="1" branch="false"/>
						<line number="415" hits="1" branch="false"/>
						<line number="416" hits="1" branch="false"/>
						<line number="417" hits="1" branch="false"/>
						<line number="418" hits="1" branch="false"/>
						<line number="419" hits="1" branch="false"/>
						<line number="420" hits="1" branch="false"/>
						<line number="421" hits="1" branch="false"/>
						<line number="422" hits="1" branch="false"/>
						<line number="423" hits="1" branch="false"/>
						<line number="424" hits="1" branch="false"/>
						<line number="425" hits="1" branch="false"/>
						<line number="426" hits="1" branch="false"/>
						<line number="427" hits="1" branch="false"/>
						<line number="428" hits="1" branch="false"/>
						<line number="429" hits="1" branch="false"/>
						<line number="430" hits="1" branch="false"/>
						<line number="431" hits="1" branch="false"/>
						<line number="432" hits="1" branch="false"/>
						<line number="433" hits="1" branch="false"/>
						<line number="434" hits="1" branch="false"/>
						<line number="435" hits="1" branch="false"/>
						<line number="436" hits="1" branch="false"/>
						<line number="437" hits="1" branch="false"/>
						<line number="438" hits="1" branch="false"/>
						<line number="439" hits="1" branch="false"/>
						<line number="440" hits="1" branch="false"/>
						<line number="441" hits="1" branch="false"/>
						<line number="442" hits="1" branch="false"/>
						<line number="443" hits="1" branch="false"/>
						<line number="444" hits="1" branch="false"/>
						<line number="445" hits="1" branch="false"/>
						<line number="446" hits="1" branch="false"/>
						<line number="447" hits="1" branch="false"/>
						<line number="448" hits="1" branch="false"/>
						<line number="449" hits="1" branch="false"/>
						<line number="450" hits="1" branch="false"/>
						<line number="451" hits="1" branch="false"/>
						<line number="452" hits="1" branch="false"/>
						<line number="453" hits="1" branch="false"/>
						<line number="454" hits="1" branch="false"/>
						<line number="455" hits="1" branch="false"/>
						<line number="456" hits="1" branch="false"/>
						<line number="457" hits="1" branch="false"/>
						<line number="458" hits="1" branch="false"/>
						<line number="459" hits="1" branch="false"/>
						<line number="460" hits="1" branch="false"/>
						<line number="461" hits="1" branch="false"/>
						<line number="462" hits="1" branch="false"/>
						<line number="464" hits="1" branch="false"/>
						<line number="465" hits="1" branch="false"/>
						<line number="466" hits="1" branch="false"/>
						<line number="467" hits="1" branch="false"/>
						<line number="468" hits="84" branch="true" condition-coverage="100% (2/2)">
							<conditions>
								<condition number="0" type="jump" coverage="100%"/>
							</conditions>
						</line>
						<line number="469" hits="83" branch="false"/>
						<line number="471" hits="1" branch="false"/>
						<line number="472" hits="1" branch="false"/>
						<line number="473" hits="1" branch="false"/>
						<line number="474" hits="1" branch="false"/>
						<line number="478" hits="1" branch="false"/>
						<line number="479" hits="1" branch="false"/>
						<line number="480" hits="1" branch="false"/>
						<line number="481" hits="1" branch="false"/>
						<line number="482" hits="1" branch="false"/>
						<line number="483" hits="1" branch="false"/>
						<line number="484" hits="1" branch="false"/>
						<line number="485" hits="1" branch="false"/>
						<line number="486" hits="1" branch="false"/>
						<line number="487" hits="1" branch="false"/>
						<line number="488" hits="1" branch="false"/>
						<line number="489" hits="1" branch="false"/>
						<line number="490" hits="1" branch="false"/>
						<line number="491" hits="1" branch="false"/>
						<line number="493" hits="1" branch="false"/>
						<line number="494" hits="1" branch="false"/>
						<line number="495" hits="12" branch="true" condition-coverage="100% (2/2)">
							<conditions>
								<condition number="0" type="jump" coverage="100%"/>
							</conditions>
						</line>
						<line number="496" hits="11" branch="false"/>
						<line number="498" hits="1" branch="false"/>
						<line number="502" hits="1" branch="false"/>
						<line number="503" hits="1" branch="false"/>
						<line number="504" hits="1" branch="false"/>
						<line number="505" hits="1" branch="false"/>
						<line number="506" hits="1" branch="false"/>
						<line number="507" hits="1" branch="false"/>
						<line number="508" hits="1" branch="false"/>
						<line number="509" hits="1" branch="false"/>
						<line number="510" hits="1" branch="false"/>
					</lines>
				</class>
				<class name="lift.Equipment" filename="lift/Equipment.java" line-rate="1.0" branch-rate="1.0" complexity="0.0">
					<methods>
					</methods>
					<lines>
					</lines>
				</class>
				<class name="lift.Main" filename="lift/Main.java" line-rate="0.0" branch-rate="0.0" complexity="0.0">
					<methods>
						<method name="&lt;init&gt;" signature="()V" line-rate="0.0" branch-rate="1.0" complexity="0">
							<lines>
								<line number="5" hits="0" branch="false"/>
							</lines>
						</method>
						<method name="main" signature="([Ljava/lang/String;)V" line-rate="0.0" branch-rate="0.0" complexity="0">
							<lines>
								<line number="12" hits="0" branch="false"/>
								<line number="13" hits="0" branch="false"/>
								<line number="14" hits="0" branch="false"/>
								<line number="15" hits="0" branch="false"/>
								<line number="16" hits="0" branch="false"/>
								<line number="17" hits="0" branch="true" condition-coverage="0% (0/2)">
									<conditions>
										<condition number="0" type="jump" coverage="0%"/>
									</conditions>
								</line>
								<line number="18" hits="0" branch="false"/>
								<line number="19" hits="0" branch="false"/>
								<line number="20" hits="0" branch="false"/>
								<line number="21" hits="0" branch="true" condition-coverage="0% (0/4)">
									<conditions>
										<condition number="0" type="jump" coverage="0%"/>
										<condition number="1" type="jump" coverage="0%"/>
									</conditions>
								</line>
								<line number="22" hits="0" branch="true" condition-coverage="0% (0/2)">
									<conditions>
										<condition number="0" type="jump" coverage="0%"/>
									</conditions>
								</line>
								<line number="23" hits="0" branch="false"/>
								<line number="27" hits="0" branch="false"/>
								<line number="29" hits="0" branch="false"/>
								<line number="30" hits="0" branch="false"/>
								<line number="31" hits="0" branch="false"/>
								<line number="32" hits="0" branch="false"/>
								<line number="34" hits="0" branch="false"/>
							</lines>
						</method>
						<method name="repOK" signature="()Z" line-rate="0.0" branch-rate="1.0" complexity="0">
							<lines>
								<line number="42" hits="0" branch="false"/>
							</lines>
						</method>
					</methods>
					<lines>
						<line number="5" hits="0" branch="false"/>
						<line number="12" hits="0" branch="false"/>
						<line number="13" hits="0" branch="false"/>
						<line number="14" hits="0" branch="false"/>
						<line number="15" hits="0" branch="false"/>
						<line number="16" hits="0" branch="false"/>
						<line number="17" hits="0" branch="true" condition-coverage="0% (0/2)">
							<conditions>
								<condition number="0" type="jump" coverage="0%"/>
							</conditions>
						</line>
						<line number="18" hits="0" branch="false"/>
						<line number="19" hits="0" branch="false"/>
						<line number="20" hits="0" branch="false"/>
						<line number="21" hits="0" branch="true" condition-coverage="0% (0/4)">
							<conditions>
								<condition number="0" type="jump" coverage="0%"/>
								<condition number="1" type="jump" coverage="0%"/>
							</conditions>
						</line>
						<line number="22" hits="0" branch="true" condition-coverage="0% (0/2)">
							<conditions>
								<condition number="0" type="jump" coverage="0%"/>
							</conditions>
						</line>
						<line number="23" hits="0" branch="false"/>
						<line number="27" hits="0" branch="false"/>
						<line number="29" hits="0" branch="false"/>
						<line number="30" hits="0" branch="false"/>
						<line number="31" hits="0" branch="false"/>
						<line number="32" hits="0" branch="false"/>
						<line number="34" hits="0" branch="false"/>
						<line number="42" hits="0" branch="false"/>
					</lines>
				</class>
				<class name="lift.Direction" filename="lift/Queue.java" line-rate="1.0" branch-rate="1.0" complexity="0.0">
					<methods>
						<method name="&lt;clinit&gt;" signature="()V" line-rate="1.0" branch-rate="1.0" complexity="0">
							<lines>
								<line number="7" hits="6" branch="false"/>
								<line number="8" hits="1" branch="false"/>
							</lines>
						</method>
						<method name="&lt;init&gt;" signature="(Ljava/lang/String;I)V" line-rate="1.0" branch-rate="1.0" complexity="0">
							<lines>
							</lines>
						</method>
						<method name="valueOf" signature="(Ljava/lang/String;)Llift/Direction;" line-rate="1.0" branch-rate="1.0" complexity="0">
							<lines>
							</lines>
						</method>
						<method name="values" signature="()[Llift/Direction;" line-rate="1.0" branch-rate="1.0" complexity="0">
							<lines>
							</lines>
						</method>
					</methods>
					<lines>
						<line number="7" hits="6" branch="false"/>
						<line number="8" hits="1" branch="false"/>
					</lines>
				</class>
				<class name="lift.Queue" filename="lift/Queue.java" line-rate="1.0" branch-rate="1.0" complexity="0.0">
					<methods>
						<method name="&lt;init&gt;" signature="()V" line-rate="1.0" branch-rate="1.0" complexity="0">
							<lines>
								<line number="31" hits="6" branch="false"/>
								<line number="32" hits="6" branch="false"/>
								<line number="33" hits="6" branch="false"/>
								<line number="34" hits="6" branch="false"/>
								<line number="35" hits="6" branch="false"/>
								<line number="36" hits="6" branch="false"/>
								<line number="37" hits="6" branch="false"/>
								<line number="38" hits="6" branch="false"/>
								<line number="39" hits="6" branch="false"/>
							</lines>
						</method>
						<method name="end" signature="()Z" line-rate="1.0" branch-rate="1.0" complexity="0">
							<lines>
								<line number="57" hits="831" branch="true" condition-coverage="100% (2/2)">
									<conditions>
										<condition number="0" type="jump" coverage="100%"/>
									</conditions>
								</line>
								<line number="58" hits="7" branch="false"/>
								<line number="60" hits="824" branch="false"/>
							</lines>
						</method>
						<method name="frontRq" signature="(Llift/Request;Llift/Elevator;)Llift/Request;" line-rate="1.0" branch-rate="1.0" complexity="0">
							<lines>
								<line number="71" hits="312" branch="true" condition-coverage="100% (2/2)">
									<conditions>
										<condition number="0" type="jump" coverage="100%"/>
									</conditions>
								</line>
								<line number="72" hits="76" branch="false"/>
								<line number="74" hits="236" branch="false"/>
								<line number="75" hits="236" branch="false"/>
								<line number="76" hits="236" branch="false"/>
								<line number="77" hits="236" branch="false"/>
								<line number="78" hits="236" branch="false"/>
								<line number="79" hits="2021" branch="true" condition-coverage="100% (2/2)">
									<conditions>
										<condition number="0" type="jump" coverage="100%"/>
									</conditions>
								</line>
								<line number="80" hits="2007" branch="true" condition-coverage="100% (4/4)">
									<conditions>
										<condition number="0" type="jump" coverage="100%"/>
										<condition number="1" type="jump" coverage="100%"/>
									</conditions>
								</line>
								<line number="81" hits="127" branch="false"/>
								<line number="82" hits="127" branch="false"/>
								<line number="84" hits="1880" branch="true" condition-coverage="100% (2/2)">
									<conditions>
										<condition number="0" type="jump" coverage="100%"/>
									</conditions>
								</line>
								<line number="85" hits="222" branch="false"/>
								<line number="87" hits="1658" branch="true" condition-coverage="100% (4/4)">
									<conditions>
										<condition number="0" type="jump" coverage="100%"/>
										<condition number="1" type="jump" coverage="100%"/>
									</conditions>
								</line>
								<line number="88" hits="433" branch="false"/>
								<line number="93" hits="944" branch="false"/>
								<line number="94" hits="944" branch="true" condition-coverage="100% (2/2)">
									<conditions>
										<condition number="0" type="jump" coverage="100%"/>
									</conditions>
								</line>
								<line number="95" hits="242" branch="true" condition-coverage="100% (2/2)">
									<conditions>
										<condition number="0" type="jump" coverage="100%"/>
									</conditions>
								</line>
								<line number="96" hits="108" branch="true" condition-coverage="100% (2/2)">
									<conditions>
										<condition number="0" type="jump" coverage="100%"/>
									</conditions>
								</line>
								<line number="97" hits="62" branch="true" condition-coverage="100% (2/2)">
									<conditions>
										<condition number="0" type="jump" coverage="100%"/>
									</conditions>
								</line>
								<line number="98" hits="103" branch="false"/>
								<line number="99" hits="103" branch="false"/>
								<line number="102" hits="134" branch="false"/>
								<line number="103" hits="134" branch="true" condition-coverage="100% (2/2)">
									<conditions>
										<condition number="0" type="jump" coverage="100%"/>
									</conditions>
								</line>
								<line number="104" hits="39" branch="true" condition-coverage="100% (2/2)">
									<conditions>
										<condition number="0" type="jump" coverage="100%"/>
									</conditions>
								</line>
								<line number="105" hits="21" branch="true" condition-coverage="100% (2/2)">
									<conditions>
										<condition number="0" type="jump" coverage="100%"/>
									</conditions>
								</line>
								<line number="106" hits="35" branch="false"/>
								<line number="107" hits="35" branch="false"/>
								<line number="111" hits="702" branch="true" condition-coverage="100% (2/2)">
									<conditions>
										<condition number="0" type="jump" coverage="100%"/>
									</conditions>
								</line>
								<line number="112" hits="100" branch="true" condition-coverage="100% (2/2)">
									<conditions>
										<condition number="0" type="jump" coverage="100%"/>
									</conditions>
								</line>
								<line number="113" hits="38" branch="false"/>
								<line number="114" hits="38" branch="false"/>
								<line number="119" hits="236" branch="true" condition-coverage="100% (2/2)">
									<conditions>
										<condition number="0" type="jump" coverage="100%"/>
									</conditions>
								</line>
								<line number="120" hits="133" branch="false"/>
								<line number="121" hits="196" branch="true" condition-coverage="100% (2/2)">
									<conditions>
										<condition number="0" type="jump" coverage="100%"/>
									</conditions>
								</line>
								<line number="122" hits="63" branch="false"/>
								<line number="123" hits="133" branch="true" condition-coverage="100% (2/2)">
									<conditions>
										<condition number="0" type="jump" coverage="100%"/>
									</conditions>
								</line>
								<line number="124" hits="38" branch="false"/>
								<line number="125" hits="38" branch="false"/>
								<line number="127" hits="133" branch="false"/>
								<line number="129" hits="103" branch="false"/>
								<line number="130" hits="103" branch="false"/>
								<line number="131" hits="103" branch="false"/>
								<line number="132" hits="103" branch="false"/>
								<line number="133" hits="103" branch="false"/>
							</lines>
						</method>
						<method name="getFrontVal" signature="()I" line-rate="1.0" branch-rate="1.0" complexity="0">
							<lines>
								<line number="220" hits="626" branch="false"/>
							</lines>
						</method>
						<method name="getMain" signature="()Llift/Request;" line-rate="1.0" branch-rate="1.0" complexity="0">
							<lines>
								<line number="42" hits="236" branch="false"/>
							</lines>
						</method>
						<method name="getRelativeDirection" signature="(II)Llift/Direction;" line-rate="1.0" branch-rate="1.0" complexity="0">
							<lines>
								<line number="145" hits="944" branch="true" condition-coverage="100% (2/2)">
									<conditions>
										<condition number="0" type="jump" coverage="100%"/>
									</conditions>
								</line>
								<line number="146" hits="418" branch="false"/>
								<line number="147" hits="526" branch="true" condition-coverage="100% (2/2)">
									<conditions>
										<condition number="0" type="jump" coverage="100%"/>
									</conditions>
								</line>
								<line number="148" hits="522" branch="false"/>
								<line number="150" hits="4" branch="false"/>
							</lines>
						</method>
						<method name="getSize" signature="()I" line-rate="1.0" branch-rate="1.0" complexity="0">
							<lines>
								<line number="49" hits="244" branch="false"/>
							</lines>
						</method>
						<method name="judge" signature="(Llift/Request;Llift/Request;Llift/Elevator;)I" line-rate="1.0" branch-rate="1.0" complexity="0">
							<lines>
								<line number="162" hits="944" branch="false"/>
								<line number="163" hits="944" branch="false"/>
								<line number="164" hits="944" branch="true" condition-coverage="100% (2/2)">
									<conditions>
										<condition number="0" type="jump" coverage="100%"/>
									</conditions>
								</line>
[...]
								<condition number="1" type="jump" coverage="100%"/>
							</conditions>
						</line>
						<line number="290" hits="1" branch="false"/>
						<line number="291" hits="152" branch="true" condition-coverage="100% (4/4)">
							<conditions>
								<condition number="0" type="jump" coverage="100%"/>
								<condition number="1" type="jump" coverage="100%"/>
							</conditions>
						</line>
						<line number="292" hits="1" branch="false"/>
						<line number="293" hits="151" branch="false"/>
						<line number="294" hits="151" branch="false"/>
						<line number="295" hits="151" branch="true" condition-coverage="100% (4/4)">
							<conditions>
								<condition number="0" type="jump" coverage="100%"/>
								<condition number="1" type="jump" coverage="100%"/>
							</conditions>
						</line>
						<line number="296" hits="1" branch="false"/>
						<line number="297" hits="1" branch="false"/>
						<line number="299" hits="150" branch="false"/>
						<line number="300" hits="150" branch="false"/>
						<line number="301" hits="171" branch="false"/>
						<line number="302" hits="171" branch="false"/>
						<line number="303" hits="171" branch="false"/>
						<line number="304" hits="171" branch="true" condition-coverage="100% (4/4)">
							<conditions>
								<condition number="0" type="jump" coverage="100%"/>
								<condition number="1" type="jump" coverage="100%"/>
							</conditions>
						</line>
						<line number="305" hits="3" branch="false"/>
						<line number="306" hits="168" branch="true" condition-coverage="100% (2/2)">
							<conditions>
								<condition number="0" type="jump" coverage="100%"/>
							</conditions>
						</line>
						<line number="307" hits="1" branch="false"/>
						<line number="308" hits="167" branch="true" condition-coverage="100% (4/4)">
							<conditions>
								<condition number="0" type="jump" coverage="100%"/>
								<condition number="1" type="jump" coverage="100%"/>
							</conditions>
						</line>
						<line number="309" hits="1" branch="false"/>
						<line number="310" hits="166" branch="true" condition-coverage="100% (4/4)">
							<conditions>
								<condition number="0" type="jump" coverage="100%"/>
								<condition number="1" type="jump" coverage="100%"/>
							</conditions>
						</line>
						<line number="311" hits="1" branch="false"/>
						<line number="312" hits="165" branch="false"/>
						<line number="313" hits="165" branch="false"/>
						<line number="314" hits="165" branch="true" condition-coverage="100% (2/2)">
							<conditions>
								<condition number="0" type="jump" coverage="100%"/>
							</conditions>
						</line>
						<line number="315" hits="1" branch="false"/>
						<line number="316" hits="1" branch="false"/>
						<line number="318" hits="164" branch="false"/>
						<line number="320" hits="314" branch="false"/>
						<line number="322" hits="10" branch="false"/>
						<line number="324" hits="2" branch="false"/>
						<line number="325" hits="2" branch="false"/>
						<line number="335" hits="4" branch="true" condition-coverage="100% (4/4)">
							<conditions>
								<condition number="0" type="jump" coverage="100%"/>
								<condition number="1" type="jump" coverage="100%"/>
							</conditions>
						</line>
					</lines>
				</class>
				<class name="lift.Requester" filename="lift/Queue.java" line-rate="1.0" branch-rate="1.0" complexity="0.0">
					<methods>
						<method name="&lt;clinit&gt;" signature="()V" line-rate="1.0" branch-rate="1.0" complexity="0">
							<lines>
								<line number="3" hits="6" branch="false"/>
								<line number="4" hits="1" branch="false"/>
							</lines>
						</method>
						<method name="&lt;init&gt;" signature="(Ljava/lang/String;I)V" line-rate="1.0" branch-rate="1.0" complexity="0">
							<lines>
							</lines>
						</method>
						<method name="valueOf" signature="(Ljava/lang/String;)Llift/Requester;" line-rate="1.0" branch-rate="1.0" complexity="0">
							<lines>
							</lines>
						</method>
						<method name="values" signature="()[Llift/Requester;" line-rate="1.0" branch-rate="1.0" complexity="0">
							<lines>
							</lines>
						</method>
					</methods>
					<lines>
						<line number="3" hits="6" branch="false"/>
						<line number="4" hits="1" branch="false"/>
					</lines>
				</class>
				<class name="lift.Request" filename="lift/Request.java" line-rate="1.0" branch-rate="1.0" complexity="0.0">
					<methods>
						<method name="&lt;init&gt;" signature="(Llift/Requester;IJI)V" line-rate="1.0" branch-rate="1.0" complexity="0">
							<lines>
								<line number="38" hits="166" branch="false"/>
								<line number="39" hits="166" branch="false"/>
								<line number="40" hits="166" branch="false"/>
								<line number="41" hits="166" branch="false"/>
								<line number="42" hits="166" branch="false"/>
								<line number="43" hits="166" branch="false"/>
								<line number="44" hits="166" branch="false"/>
								<line number="45" hits="166" branch="false"/>
							</lines>
						</method>
						<method name="&lt;init&gt;" signature="(Llift/Requester;ILlift/Direction;JI)V" line-rate="1.0" branch-rate="1.0" complexity="0">
							<lines>
								<line number="23" hits="153" branch="false"/>
								<line number="24" hits="153" branch="false"/>
								<line number="25" hits="153" branch="false"/>
								<line number="26" hits="153" branch="false"/>
								<line number="27" hits="153" branch="false"/>
								<line number="28" hits="153" branch="false"/>
								<line number="29" hits="153" branch="false"/>
								<line number="30" hits="153" branch="false"/>
								<line number="31" hits="153" branch="false"/>
							</lines>
						</method>
						<method name="equals" signature="(Ljava/lang/Object;)Z" line-rate="1.0" branch-rate="1.0" complexity="0">
							<lines>
								<line number="110" hits="3886" branch="true" condition-coverage="100% (2/2)">
									<conditions>
										<condition number="0" type="jump" coverage="100%"/>
									</conditions>
								</line>
								<line number="111" hits="1" branch="false"/>
								<line number="112" hits="3885" branch="true" condition-coverage="100% (2/2)">
									<conditions>
										<condition number="0" type="jump" coverage="100%"/>
									</conditions>
								</line>
								<line number="113" hits="1" branch="false"/>
								<line number="116" hits="3884" branch="false"/>
								<line number="117" hits="3884" branch="true" condition-coverage="100% (2/2)">
									<conditions>
										<condition number="0" type="jump" coverage="100%"/>
									</conditions>
								</line>
								<line number="118" hits="1967" branch="true" condition-coverage="100% (2/2)">
									<conditions>
										<condition number="0" type="jump" coverage="100%"/>
									</conditions>
								</line>
								<line number="119" hits="987" branch="true" condition-coverage="100% (6/6)">
									<conditions>
										<condition number="0" type="jump" coverage="100%"/>
										<condition number="1" type="jump" coverage="100%"/>
										<condition number="2" type="jump" coverage="100%"/>
									</conditions>
								</line>
								<line number="120" hits="78" branch="false"/>
								<line number="123" hits="980" branch="true" condition-coverage="100% (4/4)">
									<conditions>
										<condition number="0" type="jump" coverage="100%"/>
										<condition number="1" type="jump" coverage="100%"/>
									</conditions>
								</line>
								<line number="124" hits="76" branch="false"/>
								<line number="128" hits="3730" branch="false"/>
							</lines>
						</method>
						<method name="getAf" signature="()I" line-rate="1.0" branch-rate="1.0" complexity="0">
							<lines>
								<line number="56" hits="987" branch="false"/>
							</lines>
						</method>
						<method name="getDr" signature="()Llift/Direction;" line-rate="1.0" branch-rate="1.0" complexity="0">
							<lines>
								<line number="60" hits="665" branch="false"/>
							</lines>
						</method>
						<method name="getFloor" signature="()I" line-rate="1.0" branch-rate="1.0" complexity="0">
							<lines>
								<line number="89" hits="8591" branch="true" condition-coverage="100% (2/2)">
									<conditions>
										<condition number="0" type="jump" coverage="100%"/>
									</conditions>
								</line>
								<line number="90" hits="3846" branch="false"/>
								<line number="92" hits="4745" branch="false"/>
							</lines>
						</method>
						<method name="getFt" signature="()J" line-rate="1.0" branch-rate="1.0" complexity="0">
							<lines>
								<line number="76" hits="26" branch="false"/>
							</lines>
						</method>
						<method name="getGt" signature="()Llift/Requester;" line-rate="1.0" branch-rate="1.0" complexity="0">
							<lines>
								<line number="48" hits="4824" branch="false"/>
							</lines>
						</method>
						<method name="getMt" signature="()I" line-rate="1.0" branch-rate="1.0" complexity="0">
							<lines>
								<line number="68" hits="648" branch="false"/>
							</lines>
						</method>
						<method name="getOrder" signature="()I" line-rate="1.0" branch-rate="1.0" complexity="0">
							<lines>
								<line number="96" hits="26" branch="false"/>
							</lines>
						</method>
						<method name="getTg" signature="()I" line-rate="1.0" branch-rate="1.0" complexity="0">
							<lines>
								<line number="52" hits="980" branch="false"/>
							</lines>
						</method>
						<method name="getTime" signature="()J" line-rate="1.0" branch-rate="1.0" complexity="0">
							<lines>
								<line number="64" hits="10630" branch="false"/>
							</lines>
						</method>
						<method name="setFt" signature="(J)V" line-rate="1.0" branch-rate="1.0" complexity="0">
							<lines>
								<line number="80" hits="103" branch="false"/>
								<line number="81" hits="103" branch="false"/>
							</lines>
						</method>
						<method name="setMt" signature="(I)V" line-rate="1.0" branch-rate="1.0" complexity="0">
							<lines>
								<line number="72" hits="103" branch="false"/>
								<line number="73" hits="103" branch="false"/>
							</lines>
						</method>
						<method name="toString" signature="()Ljava/lang/String;" line-rate="1.0" branch-rate="1.0" complexity="0">
							<lines>
								<line number="142" hits="317" branch="false"/>
								<line number="143" hits="317" branch="true" condition-coverage="100% (2/2)">
									<conditions>
										<condition number="0" type="jump" coverage="100%"/>
									</conditions>
								</line>
								<line number="144" hits="154" branch="false"/>
								<line number="145" hits="154" branch="false"/>
								<line number="147" hits="163" branch="false"/>
								<line number="148" hits="163" branch="false"/>
							</lines>
						</method>
					</methods>
					<lines>
						<line number="23" hits="153" branch="false"/>
						<line number="24" hits="153" branch="false"/>
						<line number="25" hits="153" branch="false"/>
						<line number="26" hits="153" branch="false"/>
						<line number="27" hits="153" branch="false"/>
						<line number="28" hits="153" branch="false"/>
						<line number="29" hits="153" branch="false"/>
						<line number="30" hits="153" branch="false"/>
						<line number="31" hits="153" branch="false"/>
						<line number="38" hits="166" branch="false"/>
						<line number="39" hits="166" branch="false"/>
						<line number="40" hits="166" branch="false"/>
						<line number="41" hits="166" branch="false"/>
						<line number="42" hits="166" branch="false"/>
						<line number="43" hits="166" branch="false"/>
						<line number="44" hits="166" branch="false"/>
						<line number="45" hits="166" branch="false"/>
						<line number="48" hits="4824" branch="false"/>
						<line number="52" hits="980" branch="false"/>
						<line number="56" hits="987" branch="false"/>
						<line number="60" hits="665" branch="false"/>
						<line number="64" hits="10630" branch="false"/>
						<line number="68" hits="648" branch="false"/>
						<line number="72" hits="103" branch="false"/>
						<line number="73" hits="103" branch="false"/>
						<line number="76" hits="26" branch="false"/>
						<line number="80" hits="103" branch="false"/>
						<line number="81" hits="103" branch="false"/>
						<line number="89" hits="8591" branch="true" condition-coverage="100% (2/2)">
							<conditions>
								<condition number="0" type="jump" coverage="100%"/>
							</conditions>
						</line>
						<line number="90" hits="3846" branch="false"/>
						<line number="92" hits="4745" branch="false"/>
						<line number="96" hits="26" branch="false"/>
						<line number="110" hits="3886" branch="true" condition-coverage="100% (2/2)">
							<conditions>
								<condition number="0" type="jump" coverage="100%"/>
							</conditions>
						</line>
						<line number="111" hits="1" branch="false"/>
						<line number="112" hits="3885" branch="true" condition-coverage="100% (2/2)">
							<conditions>
								<condition number="0" type="jump" coverage="100%"/>
							</conditions>
						</line>
						<line number="113" hits="1" branch="false"/>
						<line number="116" hits="3884" branch="false"/>
						<line number="117" hits="3884" branch="true" condition-coverage="100% (2/2)">
							<conditions>
								<condition number="0" type="jump" coverage="100%"/>
							</conditions>
						</line>
						<line number="118" hits="1967" branch="true" condition-coverage="100% (2/2)">
							<conditions>
								<condition number="0" type="jump" coverage="100%"/>
							</conditions>
						</line>
						<line number="119" hits="987" branch="true" condition-coverage="100% (6/6)">
							<conditions>
								<condition number="0" type="jump" coverage="100%"/>
								<condition number="1" type="jump" coverage="100%"/>
								<condition number="2" type="jump" coverage="100%"/>
							</conditions>
						</line>
						<line number="120" hits="78" branch="false"/>
						<line number="123" hits="980" branch="true" condition-coverage="100% (4/4)">
							<conditions>
								<condition number="0" type="jump" coverage="100%"/>
								<condition number="1" type="jump" coverage="100%"/>
							</conditions>
						</line>
						<line number="124" hits="76" branch="false"/>
						<line number="128" hits="3730" branch="false"/>
						<line number="142" hits="317" branch="false"/>
						<line number="143" hits="317" branch="true" condition-coverage="100% (2/2)">
							<conditions>
								<condition number="0" type="jump" coverage="100%"/>
							</conditions>
						</line>
						<line number="144" hits="154" branch="false"/>
						<line number="145" hits="154" branch="false"/>
						<line number="147" hits="163" branch="false"/>
						<line number="148" hits="163" branch="false"/>
					</lines>
				</class>
				<class name="lift.SubScheduler" filename="lift/SubScheduler.java" line-rate="1.0" branch-rate="1.0" complexity="0.0">
					<methods>
						<method name="&lt;init&gt;" signature="()V" line-rate="1.0" branch-rate="1.0" complexity="0">
							<lines>
								<line number="15" hits="5" branch="false"/>
								<line number="16" hits="5" branch="false"/>
								<line number="17" hits="5" branch="false"/>
							</lines>
						</method>
						<method name="command" signature="(Llift/Queue;Llift/Elevator;)V" line-rate="1.0" branch-rate="1.0" complexity="0">
							<lines>
								<line number="25" hits="237" branch="false"/>
								<line number="26" hits="237" branch="true" condition-coverage="100% (2/2)">
									<conditions>
										<condition number="0" type="jump" coverage="100%"/>
									</conditions>
								</line>
								<line number="27" hits="236" branch="false"/>
								<line number="28" hits="236" branch="false"/>
								<line number="29" hits="236" branch="true" condition-coverage="100% (2/2)">
									<conditions>
										<condition number="0" type="jump" coverage="100%"/>
									</conditions>
								</line>
								<line number="30" hits="103" branch="false"/>
								<line number="32" hits="133" branch="false"/>
								<line number="35" hits="237" branch="false"/>
							</lines>
						</method>
						<method name="repOK" signature="()Z" line-rate="1.0" branch-rate="1.0" complexity="0">
							<lines>
								<line number="69" hits="3" branch="false"/>
							</lines>
						</method>
						<method name="schedule" signature="(Llift/Queue;Llift/Elevator;)Llift/Request;" line-rate="1.0" branch-rate="1.0" complexity="0">
							<lines>
								<line number="45" hits="238" branch="true" condition-coverage="100% (2/2)">
									<conditions>
										<condition number="0" type="jump" coverage="100%"/>
									</conditions>
								</line>
								<line number="46" hits="237" branch="false"/>
								<line number="48" hits="352" branch="true" condition-coverage="100% (2/2)">
									<conditions>
										<condition number="0" type="jump" coverage="100%"/>
									</conditions>
								</line>
								<line number="49" hits="350" branch="true" condition-coverage="100% (2/2)">
									<conditions>
										<condition number="0" type="jump" coverage="100%"/>
									</conditions>
								</line>
								<line number="50" hits="74" branch="false"/>
								<line number="51" hits="74" branch="false"/>
								<line number="52" hits="276" branch="true" condition-coverage="100% (2/2)">
									<conditions>
										<condition number="0" type="jump" coverage="100%"/>
									</conditions>
								</line>
								<line number="53" hits="40" branch="false"/>
								<line number="58" hits="238" branch="false"/>
								<line number="59" hits="238" branch="false"/>
								<line number="60" hits="238" branch="false"/>
							</lines>
						</method>
					</methods>
					<lines>
						<line number="15" hits="5" branch="false"/>
						<line number="16" hits="5" branch="false"/>
						<line number="17" hits="5" branch="false"/>
						<line number="25" hits="237" branch="false"/>
						<line number="26" hits="237" branch="true" condition-coverage="100% (2/2)">
							<conditions>
								<condition number="0" type="jump" coverage="100%"/>
							</conditions>
						</line>
						<line number="27" hits="236" branch="false"/>
						<line number="28" hits="236" branch="false"/>
						<line number="29" hits="236" branch="true" condition-coverage="100% (2/2)">
							<conditions>
								<condition number="0" type="jump" coverage="100%"/>
							</conditions>
						</line>
						<line number="30" hits="103" branch="false"/>
						<line number="32" hits="133" branch="false"/>
						<line number="35" hits="237" branch="false"/>
						<line number="45" hits="238" branch="true" condition-coverage="100% (2/2)">
							<conditions>
								<condition number="0" type="jump" coverage="100%"/>
							</conditions>
						</line>
						<line number="46" hits="237" branch="false"/>
						<line number="48" hits="352" branch="true" condition-coverage="100% (2/2)">
							<conditions>
								<condition number="0" type="jump" coverage="100%"/>
							</conditions>
						</line>
						<line number="49" hits="350" branch="true" condition-coverage="100% (2/2)">
							<conditions>
								<condition number="0" type="jump" coverage="100%"/>
							</conditions>
						</line>
						<line number="50" hits="74" branch="false"/>
						<line number="51" hits="74" branch="false"/>
						<line number="52" hits="276" branch="true" condition-coverage="100% (2/2)">
							<conditions>
								<condition number="0" type="jump" coverage="100%"/>
							</conditions>
						</line>
						<line number="53" hits="40" branch="false"/>
						<line number="58" hits="238" branch="false"/>
						<line number="59" hits="238" branch="false"/>
						<line number="60" hits="238" branch="false"/>
						<line number="69" hits="3" branch="false"/>
					</lines>
				</class>
			</classes>
		</package>
	</packages>
</coverage>
